Running fio with rate 2M...
test: (g=0): rw=randwrite, bs=(R) 4096B-4096B, (W) 4096B-4096B, (T) 4096B-4096B, ioengine=libaio, iodepth=32
...
fio-3.28
Starting 4 processes

test: (groupid=0, jobs=4): err= 0: pid=5094: Sun Jan 28 01:52:04 2024
  write: IOPS=2047, BW=8192KiB/s (8389kB/s)(1440MiB/180001msec); 0 zone resets
    slat (usec): min=9, max=2750, avg=40.98, stdev=23.08
    clat (usec): min=4, max=8588, avg=63.65, stdev=174.46
     lat (usec): min=41, max=8643, avg=105.25, stdev=176.33
    clat percentiles (usec):
     |  1.00th=[   36],  5.00th=[   48], 10.00th=[   50], 20.00th=[   52],
     | 30.00th=[   54], 40.00th=[   56], 50.00th=[   57], 60.00th=[   59],
     | 70.00th=[   61], 80.00th=[   65], 90.00th=[   71], 95.00th=[   80],
     | 99.00th=[  106], 99.50th=[  131], 99.90th=[  437], 99.95th=[ 6521],
     | 99.99th=[ 6915]
   bw (  KiB/s): min= 8016, max= 8384, per=100.00%, avg=8201.09, stdev= 6.07, samples=1436
   iops        : min= 2004, max= 2096, avg=2050.27, stdev= 1.52, samples=1436
  lat (usec)   : 10=0.90%, 20=0.02%, 50=11.45%, 100=86.28%, 250=1.13%
  lat (usec)   : 500=0.13%, 750=0.02%, 1000=0.01%
  lat (msec)   : 2=0.01%, 4=0.01%, 10=0.07%
  cpu          : usr=0.77%, sys=3.18%, ctx=741221, majf=0, minf=217
  IO depths    : 1=99.9%, 2=0.1%, 4=0.1%, 8=0.0%, 16=0.0%, 32=0.0%, >=64=0.0%
     submit    : 0=0.0%, 4=100.0%, 8=0.0%, 16=0.0%, 32=0.0%, 64=0.0%, >=64=0.0%
     complete  : 0=0.0%, 4=100.0%, 8=0.0%, 16=0.0%, 32=0.0%, 64=0.0%, >=64=0.0%
     issued rwts: total=0,368640,0,0 short=0,0,0,0 dropped=0,0,0,0
     latency   : target=0, window=0, percentile=100.00%, depth=32

Run status group 0 (all jobs):
  WRITE: bw=8192KiB/s (8389kB/s), 8192KiB/s-8192KiB/s (8389kB/s-8389kB/s), io=1440MiB (1510MB), run=180001-180001msec

Disk stats (read/write):
    dm-0: ios=0/370009, merge=0/0, ticks=0/24032, in_queue=24364, util=10.55%, aggrios=0/369396, aggrmerge=0/892, aggrticks=0/24432, aggrin_queue=24016, aggrutil=10.48%
  sda: ios=0/369396, merge=0/892, ticks=0/24432, in_queue=24016, util=10.48%
Running fio with rate 4M...
test: (g=0): rw=randwrite, bs=(R) 4096B-4096B, (W) 4096B-4096B, (T) 4096B-4096B, ioengine=libaio, iodepth=32
...
fio-3.28
Starting 4 processes

test: (groupid=0, jobs=4): err= 0: pid=5156: Sun Jan 28 01:55:05 2024
  write: IOPS=4095, BW=16.0MiB/s (16.8MB/s)(2880MiB/180002msec); 0 zone resets
    slat (usec): min=9, max=2184, avg=41.67, stdev=19.62
    clat (usec): min=3, max=8380, avg=66.31, stdev=198.92
     lat (usec): min=44, max=8394, avg=108.40, stdev=200.52
    clat percentiles (usec):
     |  1.00th=[   43],  5.00th=[   47], 10.00th=[   50], 20.00th=[   52],
     | 30.00th=[   53], 40.00th=[   56], 50.00th=[   59], 60.00th=[   62],
     | 70.00th=[   64], 80.00th=[   68], 90.00th=[   73], 95.00th=[   79],
     | 99.00th=[  118], 99.50th=[  155], 99.90th=[  725], 99.95th=[ 7570],
     | 99.99th=[ 7963]
   bw (  KiB/s): min=16384, max=16416, per=100.00%, avg=16401.29, stdev= 3.99, samples=1436
   iops        : min= 4096, max= 4104, avg=4100.32, stdev= 1.00, samples=1436
  lat (usec)   : 4=0.01%, 10=0.11%, 20=0.02%, 50=9.89%, 100=88.11%
  lat (usec)   : 250=1.55%, 500=0.18%, 750=0.05%, 1000=0.02%
  lat (msec)   : 2=0.01%, 4=0.01%, 10=0.07%
  cpu          : usr=1.38%, sys=6.25%, ctx=1471499, majf=0, minf=449
  IO depths    : 1=99.8%, 2=0.1%, 4=0.1%, 8=0.1%, 16=0.0%, 32=0.0%, >=64=0.0%
     submit    : 0=0.0%, 4=100.0%, 8=0.0%, 16=0.0%, 32=0.0%, 64=0.0%, >=64=0.0%
     complete  : 0=0.0%, 4=100.0%, 8=0.0%, 16=0.0%, 32=0.0%, 64=0.0%, >=64=0.0%
     issued rwts: total=0,737280,0,0 short=0,0,0,0 dropped=0,0,0,0
     latency   : target=0, window=0, percentile=100.00%, depth=32

Run status group 0 (all jobs):
  WRITE: bw=16.0MiB/s (16.8MB/s), 16.0MiB/s-16.0MiB/s (16.8MB/s-16.8MB/s), io=2880MiB (3020MB), run=180002-180002msec

Disk stats (read/write):
    dm-0: ios=0/738399, merge=0/0, ticks=0/49404, in_queue=50092, util=16.56%, aggrios=0/738005, aggrmerge=0/905, aggrticks=0/50164, aggrin_queue=49272, aggrutil=16.44%
  sda: ios=0/738005, merge=0/905, ticks=0/50164, in_queue=49272, util=16.44%
Running fio with rate 6M...
test: (g=0): rw=randwrite, bs=(R) 4096B-4096B, (W) 4096B-4096B, (T) 4096B-4096B, ioengine=libaio, iodepth=32
...
fio-3.28
Starting 4 processes

test: (groupid=0, jobs=4): err= 0: pid=5218: Sun Jan 28 01:58:05 2024
  write: IOPS=6143, BW=24.0MiB/s (25.2MB/s)(4320MiB/180001msec); 0 zone resets
    slat (usec): min=6, max=1747, avg=49.50, stdev=28.05
    clat (nsec): min=1669, max=9986.5k, avg=65358.37, stdev=167113.60
     lat (usec): min=40, max=10063, avg=115.30, stdev=169.84
    clat percentiles (usec):
     |  1.00th=[    7],  5.00th=[   43], 10.00th=[   47], 20.00th=[   50],
     | 30.00th=[   52], 40.00th=[   55], 50.00th=[   58], 60.00th=[   61],
     | 70.00th=[   65], 80.00th=[   71], 90.00th=[   80], 95.00th=[   92],
     | 99.00th=[  135], 99.50th=[  174], 99.90th=[  791], 99.95th=[ 1467],
     | 99.99th=[ 8356]
   bw (  KiB/s): min=24064, max=25152, per=100.00%, avg=24601.03, stdev=13.59, samples=1436
   iops        : min= 6016, max= 6288, avg=6150.26, stdev= 3.40, samples=1436
  lat (usec)   : 2=0.01%, 4=0.01%, 10=1.06%, 20=0.25%, 50=20.17%
  lat (usec)   : 100=74.93%, 250=3.23%, 500=0.19%, 750=0.06%, 1000=0.03%
  lat (msec)   : 2=0.03%, 4=0.01%, 10=0.04%
  cpu          : usr=2.14%, sys=11.11%, ctx=2254228, majf=0, minf=1197
  IO depths    : 1=99.7%, 2=0.1%, 4=0.1%, 8=0.1%, 16=0.1%, 32=0.0%, >=64=0.0%
     submit    : 0=0.0%, 4=100.0%, 8=0.0%, 16=0.0%, 32=0.0%, 64=0.0%, >=64=0.0%
     complete  : 0=0.0%, 4=100.0%, 8=0.0%, 16=0.0%, 32=0.0%, 64=0.0%, >=64=0.0%
     issued rwts: total=0,1105920,0,0 short=0,0,0,0 dropped=0,0,0,0
     latency   : target=0, window=0, percentile=100.00%, depth=32

Run status group 0 (all jobs):
  WRITE: bw=24.0MiB/s (25.2MB/s), 24.0MiB/s-24.0MiB/s (25.2MB/s-25.2MB/s), io=4320MiB (4530MB), run=180001-180001msec

Disk stats (read/write):
    dm-0: ios=0/1106741, merge=0/0, ticks=0/75040, in_queue=76356, util=26.78%, aggrios=0/1106619, aggrmerge=0/861, aggrticks=0/76808, aggrin_queue=74700, aggrutil=26.72%
  sda: ios=0/1106619, merge=0/861, ticks=0/76808, in_queue=74700, util=26.72%
Running fio with rate 8M...
test: (g=0): rw=randwrite, bs=(R) 4096B-4096B, (W) 4096B-4096B, (T) 4096B-4096B, ioengine=libaio, iodepth=32
...
fio-3.28
Starting 4 processes

test: (groupid=0, jobs=4): err= 0: pid=5280: Sun Jan 28 02:01:06 2024
  write: IOPS=8191, BW=32.0MiB/s (33.6MB/s)(5760MiB/180001msec); 0 zone resets
    slat (usec): min=8, max=2527, avg=40.25, stdev=28.65
    clat (usec): min=2, max=10798, avg=66.25, stdev=188.51
     lat (usec): min=43, max=10868, avg=106.94, stdev=191.87
    clat percentiles (usec):
     |  1.00th=[   38],  5.00th=[   45], 10.00th=[   48], 20.00th=[   49],
     | 30.00th=[   51], 40.00th=[   53], 50.00th=[   56], 60.00th=[   59],
     | 70.00th=[   63], 80.00th=[   68], 90.00th=[   79], 95.00th=[   96],
     | 99.00th=[  149], 99.50th=[  186], 99.90th=[  947], 99.95th=[ 2278],
     | 99.99th=[ 9110]
   bw (  KiB/s): min=32448, max=33152, per=100.00%, avg=32804.55, stdev= 8.25, samples=1436
   iops        : min= 8112, max= 8288, avg=8201.13, stdev= 2.06, samples=1436
  lat (usec)   : 4=0.01%, 10=0.44%, 20=0.01%, 50=25.89%, 100=69.17%
  lat (usec)   : 250=4.09%, 500=0.15%, 750=0.11%, 1000=0.05%
  lat (msec)   : 2=0.04%, 4=0.01%, 10=0.04%, 20=0.01%
  cpu          : usr=2.78%, sys=13.29%, ctx=3134622, majf=0, minf=229
  IO depths    : 1=99.6%, 2=0.2%, 4=0.1%, 8=0.1%, 16=0.1%, 32=0.0%, >=64=0.0%
     submit    : 0=0.0%, 4=100.0%, 8=0.0%, 16=0.0%, 32=0.0%, 64=0.0%, >=64=0.0%
     complete  : 0=0.0%, 4=100.0%, 8=0.0%, 16=0.0%, 32=0.0%, 64=0.0%, >=64=0.0%
     issued rwts: total=0,1474560,0,0 short=0,0,0,0 dropped=0,0,0,0
     latency   : target=0, window=0, percentile=100.00%, depth=32

Run status group 0 (all jobs):
  WRITE: bw=32.0MiB/s (33.6MB/s), 32.0MiB/s-32.0MiB/s (33.6MB/s-33.6MB/s), io=5760MiB (6040MB), run=180001-180001msec

Disk stats (read/write):
    dm-0: ios=0/1475260, merge=0/0, ticks=0/94760, in_queue=96272, util=32.15%, aggrios=0/1475353, aggrmerge=0/878, aggrticks=0/100452, aggrin_queue=98696, aggrutil=32.15%
  sda: ios=0/1475353, merge=0/878, ticks=0/100452, in_queue=98696, util=32.15%
Running fio with rate 10M...
test: (g=0): rw=randwrite, bs=(R) 4096B-4096B, (W) 4096B-4096B, (T) 4096B-4096B, ioengine=libaio, iodepth=32
...
fio-3.28
Starting 4 processes

test: (groupid=0, jobs=4): err= 0: pid=5342: Sun Jan 28 02:04:06 2024
  write: IOPS=10.2k, BW=40.0MiB/s (41.9MB/s)(7200MiB/180001msec); 0 zone resets
    slat (usec): min=10, max=3375, avg=40.02, stdev=24.39
    clat (usec): min=3, max=12091, avg=66.08, stdev=177.78
     lat (usec): min=46, max=12634, avg=106.45, stdev=184.16
    clat percentiles (usec):
     |  1.00th=[   43],  5.00th=[   48], 10.00th=[   49], 20.00th=[   51],
     | 30.00th=[   52], 40.00th=[   53], 50.00th=[   56], 60.00th=[   59],
     | 70.00th=[   64], 80.00th=[   69], 90.00th=[   75], 95.00th=[   79],
     | 99.00th=[  123], 99.50th=[  188], 99.90th=[ 1926], 99.95th=[ 2933],
     | 99.99th=[ 8979]
   bw (  KiB/s): min=40952, max=41064, per=100.00%, avg=41004.75, stdev= 4.15, samples=1436
   iops        : min=10238, max=10266, avg=10251.18, stdev= 1.04, samples=1436
  lat (usec)   : 4=0.01%, 10=0.06%, 20=0.02%, 50=15.01%, 100=82.80%
  lat (usec)   : 250=1.68%, 500=0.15%, 750=0.07%, 1000=0.04%
  lat (msec)   : 2=0.09%, 4=0.06%, 10=0.03%, 20=0.01%
  cpu          : usr=3.20%, sys=15.39%, ctx=3670556, majf=0, minf=685
  IO depths    : 1=99.5%, 2=0.2%, 4=0.1%, 8=0.1%, 16=0.1%, 32=0.1%, >=64=0.0%
     submit    : 0=0.0%, 4=100.0%, 8=0.0%, 16=0.0%, 32=0.0%, 64=0.0%, >=64=0.0%
     complete  : 0=0.0%, 4=100.0%, 8=0.0%, 16=0.0%, 32=0.0%, 64=0.0%, >=64=0.0%
     issued rwts: total=0,1843200,0,0 short=0,0,0,0 dropped=0,0,0,0
     latency   : target=0, window=0, percentile=100.00%, depth=32

Run status group 0 (all jobs):
  WRITE: bw=40.0MiB/s (41.9MB/s), 40.0MiB/s-40.0MiB/s (41.9MB/s-41.9MB/s), io=7200MiB (7550MB), run=180001-180001msec

Disk stats (read/write):
    dm-0: ios=0/1843686, merge=0/0, ticks=0/118272, in_queue=120064, util=40.95%, aggrios=0/1843988, aggrmerge=0/899, aggrticks=0/124428, aggrin_queue=122180, aggrutil=41.89%
  sda: ios=0/1843988, merge=0/899, ticks=0/124428, in_queue=122180, util=41.89%
Running fio with rate 12M...
test: (g=0): rw=randwrite, bs=(R) 4096B-4096B, (W) 4096B-4096B, (T) 4096B-4096B, ioengine=libaio, iodepth=32
...
fio-3.28
Starting 4 processes

test: (groupid=0, jobs=4): err= 0: pid=5404: Sun Jan 28 02:07:07 2024
  write: IOPS=12.3k, BW=48.0MiB/s (50.3MB/s)(8640MiB/180001msec); 0 zone resets
    slat (usec): min=8, max=3579, avg=34.50, stdev=23.57
    clat (usec): min=2, max=12480, avg=60.31, stdev=159.90
     lat (usec): min=39, max=12534, avg=95.22, stdev=164.83
    clat percentiles (usec):
     |  1.00th=[   30],  5.00th=[   44], 10.00th=[   46], 20.00th=[   49],
     | 30.00th=[   50], 40.00th=[   51], 50.00th=[   52], 60.00th=[   53],
     | 70.00th=[   56], 80.00th=[   60], 90.00th=[   70], 95.00th=[   81],
     | 99.00th=[  124], 99.50th=[  190], 99.90th=[ 1205], 99.95th=[ 2040],
     | 99.99th=[ 9241]
   bw (  KiB/s): min=49024, max=49376, per=100.00%, avg=49207.02, stdev= 5.65, samples=1436
   iops        : min=12256, max=12344, avg=12301.75, stdev= 1.42, samples=1436
  lat (usec)   : 4=0.01%, 10=0.17%, 20=0.01%, 50=29.67%, 100=68.41%
  lat (usec)   : 250=1.32%, 500=0.17%, 750=0.08%, 1000=0.04%
  lat (msec)   : 2=0.07%, 4=0.02%, 10=0.02%, 20=0.01%
  cpu          : usr=3.87%, sys=17.52%, ctx=4791031, majf=0, minf=307
  IO depths    : 1=99.5%, 2=0.3%, 4=0.1%, 8=0.1%, 16=0.1%, 32=0.1%, >=64=0.0%
     submit    : 0=0.0%, 4=100.0%, 8=0.0%, 16=0.0%, 32=0.0%, 64=0.0%, >=64=0.0%
     complete  : 0=0.0%, 4=100.0%, 8=0.0%, 16=0.0%, 32=0.0%, 64=0.0%, >=64=0.0%
     issued rwts: total=0,2211840,0,0 short=0,0,0,0 dropped=0,0,0,0
     latency   : target=0, window=0, percentile=100.00%, depth=32

Run status group 0 (all jobs):
  WRITE: bw=48.0MiB/s (50.3MB/s), 48.0MiB/s-48.0MiB/s (50.3MB/s-50.3MB/s), io=8640MiB (9060MB), run=180001-180001msec

Disk stats (read/write):
    dm-0: ios=0/2212017, merge=0/0, ticks=0/126252, in_queue=128040, util=54.00%, aggrios=0/2212590, aggrmerge=0/866, aggrticks=0/134604, aggrin_queue=132368, aggrutil=55.51%
  sda: ios=0/2212590, merge=0/866, ticks=0/134604, in_queue=132368, util=55.51%
Running fio with rate 14M...
test: (g=0): rw=randwrite, bs=(R) 4096B-4096B, (W) 4096B-4096B, (T) 4096B-4096B, ioengine=libaio, iodepth=32
...
fio-3.28
Starting 4 processes

test: (groupid=0, jobs=4): err= 0: pid=5466: Sun Jan 28 02:10:07 2024
  write: IOPS=14.3k, BW=56.0MiB/s (58.7MB/s)(9.84GiB/180001msec); 0 zone resets
    slat (usec): min=9, max=3803, avg=30.52, stdev=16.64
    clat (usec): min=2, max=16985, avg=63.55, stdev=157.44
     lat (usec): min=40, max=17014, avg=94.39, stdev=161.44
    clat percentiles (usec):
     |  1.00th=[   42],  5.00th=[   45], 10.00th=[   48], 20.00th=[   50],
     | 30.00th=[   51], 40.00th=[   52], 50.00th=[   53], 60.00th=[   56],
     | 70.00th=[   59], 80.00th=[   63], 90.00th=[   69], 95.00th=[   87],
     | 99.00th=[  149], 99.50th=[  314], 99.90th=[ 1467], 99.95th=[ 1958],
     | 99.99th=[ 9110]
   bw (  KiB/s): min=57352, max=57480, per=100.00%, avg=57409.07, stdev= 4.18, samples=1436
   iops        : min=14338, max=14370, avg=14352.27, stdev= 1.05, samples=1436
  lat (usec)   : 4=0.01%, 10=0.01%, 20=0.01%, 50=20.47%, 100=76.30%
  lat (usec)   : 250=2.67%, 500=0.20%, 750=0.12%, 1000=0.06%
  lat (msec)   : 2=0.13%, 4=0.02%, 10=0.01%, 20=0.01%
  cpu          : usr=4.59%, sys=18.12%, ctx=5143994, majf=0, minf=355
  IO depths    : 1=99.4%, 2=0.3%, 4=0.2%, 8=0.1%, 16=0.1%, 32=0.1%, >=64=0.0%
     submit    : 0=0.0%, 4=100.0%, 8=0.0%, 16=0.0%, 32=0.0%, 64=0.0%, >=64=0.0%
     complete  : 0=0.0%, 4=100.0%, 8=0.0%, 16=0.0%, 32=0.0%, 64=0.0%, >=64=0.0%
     issued rwts: total=0,2580480,0,0 short=0,0,0,0 dropped=0,0,0,0
     latency   : target=0, window=0, percentile=100.00%, depth=32

Run status group 0 (all jobs):
  WRITE: bw=56.0MiB/s (58.7MB/s), 56.0MiB/s-56.0MiB/s (58.7MB/s-58.7MB/s), io=9.84GiB (10.6GB), run=180001-180001msec

Disk stats (read/write):
    dm-0: ios=0/2580427, merge=0/0, ticks=0/154640, in_queue=156440, util=57.61%, aggrios=0/2581222, aggrmerge=0/870, aggrticks=0/167776, aggrin_queue=165036, aggrutil=59.78%
  sda: ios=0/2581222, merge=0/870, ticks=0/167776, in_queue=165036, util=59.78%
Running fio with rate 16M...
test: (g=0): rw=randwrite, bs=(R) 4096B-4096B, (W) 4096B-4096B, (T) 4096B-4096B, ioengine=libaio, iodepth=32
...
fio-3.28
Starting 4 processes

test: (groupid=0, jobs=4): err= 0: pid=5528: Sun Jan 28 02:13:08 2024
  write: IOPS=16.4k, BW=64.0MiB/s (67.1MB/s)(11.2GiB/180001msec); 0 zone resets
    slat (usec): min=7, max=6624, avg=34.55, stdev=27.39
    clat (nsec): min=1777, max=14074k, avg=66642.54, stdev=116457.70
     lat (usec): min=40, max=14119, avg=101.59, stdev=126.13
    clat percentiles (usec):
     |  1.00th=[   27],  5.00th=[   44], 10.00th=[   45], 20.00th=[   49],
     | 30.00th=[   51], 40.00th=[   54], 50.00th=[   58], 60.00th=[   63],
     | 70.00th=[   67], 80.00th=[   72], 90.00th=[   84], 95.00th=[  105],
     | 99.00th=[  149], 99.50th=[  269], 99.90th=[ 1467], 99.95th=[ 2008],
     | 99.99th=[ 4178]
   bw (  KiB/s): min=65528, max=65672, per=100.00%, avg=65603.32, stdev= 4.16, samples=1436
   iops        : min=16382, max=16418, avg=16400.82, stdev= 1.04, samples=1436
  lat (usec)   : 2=0.01%, 4=0.39%, 10=0.21%, 20=0.11%, 50=27.66%
  lat (usec)   : 100=65.00%, 250=6.12%, 500=0.18%, 750=0.10%, 1000=0.06%
  lat (msec)   : 2=0.12%, 4=0.04%, 10=0.01%, 20=0.01%
  cpu          : usr=5.71%, sys=22.76%, ctx=5877438, majf=0, minf=248
  IO depths    : 1=99.2%, 2=0.3%, 4=0.2%, 8=0.2%, 16=0.1%, 32=0.1%, >=64=0.0%
     submit    : 0=0.0%, 4=100.0%, 8=0.0%, 16=0.0%, 32=0.0%, 64=0.0%, >=64=0.0%
     complete  : 0=0.0%, 4=100.0%, 8=0.0%, 16=0.0%, 32=0.0%, 64=0.0%, >=64=0.0%
     issued rwts: total=0,2949120,0,0 short=0,0,0,0 dropped=0,0,0,0
     latency   : target=0, window=0, percentile=100.00%, depth=32

Run status group 0 (all jobs):
  WRITE: bw=64.0MiB/s (67.1MB/s), 64.0MiB/s-64.0MiB/s (67.1MB/s-67.1MB/s), io=11.2GiB (12.1GB), run=180001-180001msec

Disk stats (read/write):
    dm-0: ios=0/2948840, merge=0/0, ticks=0/186476, in_queue=188948, util=54.26%, aggrios=0/2949852, aggrmerge=0/876, aggrticks=0/199264, aggrin_queue=195852, aggrutil=55.13%
  sda: ios=0/2949852, merge=0/876, ticks=0/199264, in_queue=195852, util=55.13%
Running fio with rate 18M...
test: (g=0): rw=randwrite, bs=(R) 4096B-4096B, (W) 4096B-4096B, (T) 4096B-4096B, ioengine=libaio, iodepth=32
...
fio-3.28
Starting 4 processes

test: (groupid=0, jobs=4): err= 0: pid=5590: Sun Jan 28 02:16:08 2024
  write: IOPS=18.4k, BW=72.0MiB/s (75.5MB/s)(12.7GiB/180002msec); 0 zone resets
    slat (usec): min=6, max=6127, avg=30.40, stdev=18.78
    clat (usec): min=2, max=15433, avg=66.65, stdev=218.92
     lat (usec): min=41, max=15478, avg=97.41, stdev=225.48
    clat percentiles (usec):
     |  1.00th=[   42],  5.00th=[   45], 10.00th=[   47], 20.00th=[   49],
     | 30.00th=[   50], 40.00th=[   51], 50.00th=[   52], 60.00th=[   53],
     | 70.00th=[   57], 80.00th=[   61], 90.00th=[   66], 95.00th=[   76],
     | 99.00th=[  143], 99.50th=[  685], 99.90th=[ 2573], 99.95th=[ 3359],
     | 99.99th=[11469]
   bw (  KiB/s): min=71432, max=76216, per=100.00%, avg=73810.30, stdev=45.13, samples=1436
   iops        : min=17858, max=19054, avg=18452.55, stdev=11.28, samples=1436
  lat (usec)   : 4=0.01%, 10=0.01%, 20=0.01%, 50=32.15%, 100=65.76%
  lat (usec)   : 250=1.32%, 500=0.17%, 750=0.11%, 1000=0.09%
  lat (msec)   : 2=0.21%, 4=0.13%, 10=0.02%, 20=0.01%
  cpu          : usr=5.71%, sys=23.28%, ctx=6572390, majf=0, minf=152
  IO depths    : 1=99.1%, 2=0.3%, 4=0.2%, 8=0.2%, 16=0.1%, 32=0.1%, >=64=0.0%
     submit    : 0=0.0%, 4=100.0%, 8=0.0%, 16=0.0%, 32=0.0%, 64=0.0%, >=64=0.0%
     complete  : 0=0.0%, 4=100.0%, 8=0.0%, 16=0.0%, 32=0.0%, 64=0.0%, >=64=0.0%
     issued rwts: total=0,3317760,0,0 short=0,0,0,0 dropped=0,0,0,0
     latency   : target=0, window=0, percentile=100.00%, depth=32

Run status group 0 (all jobs):
  WRITE: bw=72.0MiB/s (75.5MB/s), 72.0MiB/s-72.0MiB/s (75.5MB/s-75.5MB/s), io=12.7GiB (13.6GB), run=180002-180002msec

Disk stats (read/write):
    dm-0: ios=0/3317300, merge=0/0, ticks=0/202628, in_queue=205268, util=71.23%, aggrios=0/3318483, aggrmerge=0/931, aggrticks=0/220932, aggrin_queue=217472, aggrutil=72.83%
  sda: ios=0/3318483, merge=0/931, ticks=0/220932, in_queue=217472, util=72.83%
Running fio with rate 20M...
test: (g=0): rw=randwrite, bs=(R) 4096B-4096B, (W) 4096B-4096B, (T) 4096B-4096B, ioengine=libaio, iodepth=32
...
fio-3.28
Starting 4 processes

test: (groupid=0, jobs=4): err= 0: pid=5652: Sun Jan 28 02:19:08 2024
  write: IOPS=20.5k, BW=80.0MiB/s (83.9MB/s)(14.1GiB/180001msec); 0 zone resets
    slat (usec): min=5, max=5643, avg=37.30, stdev=26.20
    clat (nsec): min=1500, max=14270k, avg=70258.69, stdev=217248.80
     lat (usec): min=42, max=14308, avg=107.89, stdev=226.19
    clat percentiles (usec):
     |  1.00th=[   24],  5.00th=[   41], 10.00th=[   44], 20.00th=[   47],
     | 30.00th=[   49], 40.00th=[   52], 50.00th=[   55], 60.00th=[   59],
     | 70.00th=[   62], 80.00th=[   67], 90.00th=[   75], 95.00th=[   90],
     | 99.00th=[  165], 99.50th=[  750], 99.90th=[ 3064], 99.95th=[ 3982],
     | 99.99th=[10028]
   bw (  KiB/s): min=81232, max=82794, per=100.00%, avg=82006.73, stdev=19.47, samples=1436
   iops        : min=20308, max=20698, avg=20501.63, stdev= 4.86, samples=1436
  lat (usec)   : 2=0.11%, 4=0.36%, 10=0.01%, 20=0.25%, 50=33.10%
  lat (usec)   : 100=62.91%, 250=2.47%, 500=0.18%, 750=0.11%, 1000=0.08%
  lat (msec)   : 2=0.19%, 4=0.18%, 10=0.04%, 20=0.01%
  cpu          : usr=7.19%, sys=28.78%, ctx=7125887, majf=0, minf=1111
  IO depths    : 1=98.6%, 2=0.7%, 4=0.2%, 8=0.2%, 16=0.2%, 32=0.2%, >=64=0.0%
     submit    : 0=0.0%, 4=100.0%, 8=0.0%, 16=0.0%, 32=0.0%, 64=0.0%, >=64=0.0%
     complete  : 0=0.0%, 4=100.0%, 8=0.0%, 16=0.0%, 32=0.0%, 64=0.0%, >=64=0.0%
     issued rwts: total=0,3686400,0,0 short=0,0,0,0 dropped=0,0,0,0
     latency   : target=0, window=0, percentile=100.00%, depth=32

Run status group 0 (all jobs):
  WRITE: bw=80.0MiB/s (83.9MB/s), 80.0MiB/s-80.0MiB/s (83.9MB/s-83.9MB/s), io=14.1GiB (15.1GB), run=180001-180001msec

Disk stats (read/write):
    dm-0: ios=0/3685703, merge=0/0, ticks=0/236852, in_queue=240328, util=68.00%, aggrios=0/3687160, aggrmerge=0/878, aggrticks=0/247688, aggrin_queue=242920, aggrutil=68.34%
  sda: ios=0/3687160, merge=0/878, ticks=0/247688, in_queue=242920, util=68.34%
Running fio with rate 22M...
test: (g=0): rw=randwrite, bs=(R) 4096B-4096B, (W) 4096B-4096B, (T) 4096B-4096B, ioengine=libaio, iodepth=32
...
fio-3.28
Starting 4 processes

test: (groupid=0, jobs=4): err= 0: pid=5714: Sun Jan 28 02:22:09 2024
  write: IOPS=22.5k, BW=88.0MiB/s (92.3MB/s)(15.5GiB/180001msec); 0 zone resets
    slat (usec): min=6, max=7960, avg=36.27, stdev=25.25
    clat (nsec): min=1545, max=16810k, avg=75807.79, stdev=260315.64
     lat (usec): min=43, max=16856, avg=112.42, stdev=271.30
    clat percentiles (usec):
     |  1.00th=[   38],  5.00th=[   43], 10.00th=[   46], 20.00th=[   49],
     | 30.00th=[   50], 40.00th=[   51], 50.00th=[   53], 60.00th=[   56],
     | 70.00th=[   59], 80.00th=[   64], 90.00th=[   74], 95.00th=[   88],
     | 99.00th=[  318], 99.50th=[ 1418], 99.90th=[ 3752], 99.95th=[ 4686],
     | 99.99th=[ 9765]
   bw (  KiB/s): min=89464, max=90952, per=100.00%, avg=90208.86, stdev=18.99, samples=1436
   iops        : min=22366, max=22738, avg=22552.03, stdev= 4.75, samples=1436
  lat (usec)   : 2=0.02%, 4=0.03%, 10=0.01%, 20=0.02%, 50=31.29%
  lat (usec)   : 100=65.32%, 250=2.24%, 500=0.21%, 750=0.14%, 1000=0.09%
  lat (msec)   : 2=0.26%, 4=0.29%, 10=0.07%, 20=0.01%
  cpu          : usr=8.97%, sys=30.92%, ctx=7617010, majf=0, minf=867
  IO depths    : 1=97.9%, 2=1.1%, 4=0.2%, 8=0.2%, 16=0.3%, 32=0.2%, >=64=0.0%
     submit    : 0=0.0%, 4=100.0%, 8=0.0%, 16=0.0%, 32=0.0%, 64=0.0%, >=64=0.0%
     complete  : 0=0.0%, 4=100.0%, 8=0.0%, 16=0.0%, 32=0.0%, 64=0.0%, >=64=0.0%
     issued rwts: total=0,4055040,0,0 short=0,0,0,0 dropped=0,0,0,0
     latency   : target=0, window=0, percentile=100.00%, depth=32

Run status group 0 (all jobs):
  WRITE: bw=88.0MiB/s (92.3MB/s), 88.0MiB/s-88.0MiB/s (92.3MB/s-92.3MB/s), io=15.5GiB (16.6GB), run=180001-180001msec

Disk stats (read/write):
    dm-0: ios=0/4054110, merge=0/0, ticks=0/255712, in_queue=259956, util=88.51%, aggrios=0/4055772, aggrmerge=0/901, aggrticks=0/270252, aggrin_queue=264676, aggrutil=88.23%
  sda: ios=0/4055772, merge=0/901, ticks=0/270252, in_queue=264676, util=88.23%
Running fio with rate 24M...
test: (g=0): rw=randwrite, bs=(R) 4096B-4096B, (W) 4096B-4096B, (T) 4096B-4096B, ioengine=libaio, iodepth=32
...
fio-3.28
Starting 4 processes

test: (groupid=0, jobs=4): err= 0: pid=5776: Sun Jan 28 02:25:09 2024
  write: IOPS=24.6k, BW=96.0MiB/s (101MB/s)(16.9GiB/180001msec); 0 zone resets
    slat (usec): min=5, max=4682, avg=29.59, stdev=21.61
    clat (nsec): min=1412, max=14778k, avg=59201.03, stdev=152261.40
     lat (usec): min=39, max=14830, avg=89.08, stdev=160.33
    clat percentiles (usec):
     |  1.00th=[   27],  5.00th=[   40], 10.00th=[   42], 20.00th=[   44],
     | 30.00th=[   45], 40.00th=[   46], 50.00th=[   48], 60.00th=[   49],
     | 70.00th=[   53], 80.00th=[   57], 90.00th=[   63], 95.00th=[   77],
     | 99.00th=[  145], 99.50th=[  437], 99.90th=[ 2245], 99.95th=[ 3032],
     | 99.99th=[ 6259]
   bw (  KiB/s): min=95176, max=101576, per=100.00%, avg=98400.14, stdev=83.77, samples=1436
   iops        : min=23794, max=25394, avg=24599.93, stdev=20.95, samples=1436
  lat (usec)   : 2=0.03%, 4=0.02%, 10=0.01%, 20=0.13%, 50=63.56%
  lat (usec)   : 100=33.93%, 250=1.68%, 500=0.17%, 750=0.11%, 1000=0.07%
  lat (msec)   : 2=0.17%, 4=0.10%, 10=0.02%, 20=0.01%
  cpu          : usr=8.92%, sys=29.12%, ctx=8461952, majf=0, minf=416
  IO depths    : 1=98.4%, 2=0.9%, 4=0.1%, 8=0.2%, 16=0.2%, 32=0.1%, >=64=0.0%
     submit    : 0=0.0%, 4=100.0%, 8=0.0%, 16=0.0%, 32=0.0%, 64=0.0%, >=64=0.0%
     complete  : 0=0.0%, 4=100.0%, 8=0.0%, 16=0.0%, 32=0.0%, 64=0.0%, >=64=0.0%
     issued rwts: total=0,4423680,0,0 short=0,0,0,0 dropped=0,0,0,0
     latency   : target=0, window=0, percentile=100.00%, depth=32

Run status group 0 (all jobs):
  WRITE: bw=96.0MiB/s (101MB/s), 96.0MiB/s-96.0MiB/s (101MB/s-101MB/s), io=16.9GiB (18.1GB), run=180001-180001msec

Disk stats (read/write):
    dm-0: ios=0/4422630, merge=0/0, ticks=0/242904, in_queue=245956, util=80.23%, aggrios=0/4424481, aggrmerge=0/1038, aggrticks=0/253544, aggrin_queue=249500, aggrutil=79.46%
  sda: ios=0/4424481, merge=0/1038, ticks=0/253544, in_queue=249500, util=79.46%
Running fio with rate 26M...
test: (g=0): rw=randwrite, bs=(R) 4096B-4096B, (W) 4096B-4096B, (T) 4096B-4096B, ioengine=libaio, iodepth=32
...
fio-3.28
Starting 4 processes

test: (groupid=0, jobs=4): err= 0: pid=5838: Sun Jan 28 02:28:10 2024
  write: IOPS=26.6k, BW=104MiB/s (109MB/s)(18.3GiB/180001msec); 0 zone resets
    slat (usec): min=4, max=4121, avg=29.91, stdev=18.99
    clat (nsec): min=1605, max=18058k, avg=69007.31, stdev=182355.17
     lat (usec): min=38, max=18121, avg=99.22, stdev=188.39
    clat percentiles (usec):
     |  1.00th=[   28],  5.00th=[   36], 10.00th=[   41], 20.00th=[   45],
     | 30.00th=[   48], 40.00th=[   51], 50.00th=[   54], 60.00th=[   58],
     | 70.00th=[   62], 80.00th=[   69], 90.00th=[   82], 95.00th=[  106],
     | 99.00th=[  202], 99.50th=[  619], 99.90th=[ 2540], 99.95th=[ 3359],
     | 99.99th=[ 8291]
   bw (  KiB/s): min=105664, max=107520, per=100.00%, avg=106609.89, stdev=21.80, samples=1436
   iops        : min=26416, max=26880, avg=26652.33, stdev= 5.46, samples=1436
  lat (usec)   : 2=0.01%, 4=0.01%, 10=0.01%, 20=0.03%, 50=38.71%
  lat (usec)   : 100=55.31%, 250=5.12%, 500=0.25%, 750=0.14%, 1000=0.08%
  lat (msec)   : 2=0.21%, 4=0.12%, 10=0.02%, 20=0.01%
  cpu          : usr=18.89%, sys=28.52%, ctx=7550117, majf=0, minf=329
  IO depths    : 1=95.8%, 2=3.4%, 4=0.2%, 8=0.2%, 16=0.2%, 32=0.2%, >=64=0.0%
     submit    : 0=0.0%, 4=100.0%, 8=0.0%, 16=0.0%, 32=0.0%, 64=0.0%, >=64=0.0%
     complete  : 0=0.0%, 4=100.0%, 8=0.0%, 16=0.0%, 32=0.0%, 64=0.0%, >=64=0.0%
     issued rwts: total=0,4792320,0,0 short=0,0,0,0 dropped=0,0,0,0
     latency   : target=0, window=0, percentile=100.00%, depth=32

Run status group 0 (all jobs):
  WRITE: bw=104MiB/s (109MB/s), 104MiB/s-104MiB/s (109MB/s-109MB/s), io=18.3GiB (19.6GB), run=180001-180001msec

Disk stats (read/write):
    dm-0: ios=0/4790936, merge=0/0, ticks=0/310912, in_queue=314292, util=78.14%, aggrios=0/4792931, aggrmerge=0/1032, aggrticks=0/324308, aggrin_queue=319684, aggrutil=77.85%
  sda: ios=0/4792931, merge=0/1032, ticks=0/324308, in_queue=319684, util=77.85%
Running fio with rate 28M...
test: (g=0): rw=randwrite, bs=(R) 4096B-4096B, (W) 4096B-4096B, (T) 4096B-4096B, ioengine=libaio, iodepth=32
...
fio-3.28
Starting 4 processes

test: (groupid=0, jobs=4): err= 0: pid=5900: Sun Jan 28 02:31:10 2024
  write: IOPS=28.7k, BW=112MiB/s (117MB/s)(19.7GiB/180001msec); 0 zone resets
    slat (usec): min=5, max=3480, avg=29.18, stdev=15.21
    clat (nsec): min=1471, max=17830k, avg=70885.62, stdev=199756.59
     lat (usec): min=41, max=18039, avg=100.31, stdev=206.50
    clat percentiles (usec):
     |  1.00th=[   39],  5.00th=[   43], 10.00th=[   45], 20.00th=[   47],
     | 30.00th=[   48], 40.00th=[   50], 50.00th=[   53], 60.00th=[   57],
     | 70.00th=[   60], 80.00th=[   65], 90.00th=[   84], 95.00th=[  106],
     | 99.00th=[  196], 99.50th=[  758], 99.90th=[ 3097], 99.95th=[ 3818],
     | 99.99th=[ 7898]
   bw (  KiB/s): min=113792, max=115864, per=100.00%, avg=114808.51, stdev=28.38, samples=1436
   iops        : min=28448, max=28966, avg=28701.97, stdev= 7.10, samples=1436
  lat (usec)   : 2=0.01%, 4=0.01%, 10=0.01%, 20=0.01%, 50=42.01%
  lat (usec)   : 100=52.04%, 250=5.09%, 500=0.19%, 750=0.17%, 1000=0.11%
  lat (msec)   : 2=0.19%, 4=0.17%, 10=0.03%, 20=0.01%
  cpu          : usr=26.60%, sys=28.97%, ctx=7028402, majf=0, minf=319
  IO depths    : 1=95.2%, 2=4.0%, 4=0.2%, 8=0.2%, 16=0.3%, 32=0.2%, >=64=0.0%
     submit    : 0=0.0%, 4=100.0%, 8=0.0%, 16=0.0%, 32=0.0%, 64=0.0%, >=64=0.0%
     complete  : 0=0.0%, 4=100.0%, 8=0.0%, 16=0.0%, 32=0.0%, 64=0.0%, >=64=0.0%
     issued rwts: total=0,5160960,0,0 short=0,0,0,0 dropped=0,0,0,0
     latency   : target=0, window=0, percentile=100.00%, depth=32

Run status group 0 (all jobs):
  WRITE: bw=112MiB/s (117MB/s), 112MiB/s-112MiB/s (117MB/s-117MB/s), io=19.7GiB (21.1GB), run=180001-180001msec

Disk stats (read/write):
    dm-0: ios=0/5159311, merge=0/0, ticks=0/335772, in_queue=340264, util=92.60%, aggrios=0/5161652, aggrmerge=0/915, aggrticks=0/360284, aggrin_queue=354624, aggrutil=93.23%
  sda: ios=0/5161652, merge=0/915, ticks=0/360284, in_queue=354624, util=93.23%
Running fio with rate 30M...
test: (g=0): rw=randwrite, bs=(R) 4096B-4096B, (W) 4096B-4096B, (T) 4096B-4096B, ioengine=libaio, iodepth=32
...
fio-3.28
Starting 4 processes

test: (groupid=0, jobs=4): err= 0: pid=5962: Sun Jan 28 02:34:11 2024
  write: IOPS=30.7k, BW=120MiB/s (126MB/s)(21.1GiB/180002msec); 0 zone resets
    slat (usec): min=5, max=5024, avg=28.92, stdev=15.03
    clat (nsec): min=1919, max=16729k, avg=74345.59, stdev=177420.02
     lat (usec): min=40, max=16771, avg=103.47, stdev=184.06
    clat percentiles (usec):
     |  1.00th=[   40],  5.00th=[   44], 10.00th=[   46], 20.00th=[   47],
     | 30.00th=[   52], 40.00th=[   57], 50.00th=[   61], 60.00th=[   64],
     | 70.00th=[   69], 80.00th=[   74], 90.00th=[   86], 95.00th=[  103],
     | 99.00th=[  186], 99.50th=[  750], 99.90th=[ 2868], 99.95th=[ 3523],
     | 99.99th=[ 5735]
   bw (  KiB/s): min=121368, max=124728, per=100.00%, avg=123001.91, stdev=36.67, samples=1436
   iops        : min=30342, max=31182, avg=30750.35, stdev= 9.17, samples=1436
  lat (usec)   : 2=0.01%, 4=0.01%, 10=0.01%, 20=0.01%, 50=27.54%
  lat (usec)   : 100=66.93%, 250=4.67%, 500=0.19%, 750=0.15%, 1000=0.10%
  lat (msec)   : 2=0.20%, 4=0.16%, 10=0.03%, 20=0.01%
  cpu          : usr=30.59%, sys=28.56%, ctx=6202010, majf=0, minf=333
  IO depths    : 1=93.2%, 2=6.0%, 4=0.2%, 8=0.2%, 16=0.3%, 32=0.2%, >=64=0.0%
     submit    : 0=0.0%, 4=100.0%, 8=0.0%, 16=0.0%, 32=0.0%, 64=0.0%, >=64=0.0%
     complete  : 0=0.0%, 4=100.0%, 8=0.0%, 16=0.0%, 32=0.0%, 64=0.0%, >=64=0.0%
     issued rwts: total=0,5529600,0,0 short=0,0,0,0 dropped=0,0,0,0
     latency   : target=0, window=0, percentile=100.00%, depth=32

Run status group 0 (all jobs):
  WRITE: bw=120MiB/s (126MB/s), 120MiB/s-120MiB/s (126MB/s-126MB/s), io=21.1GiB (22.6GB), run=180002-180002msec

Disk stats (read/write):
    dm-0: ios=0/5527701, merge=0/0, ticks=0/381416, in_queue=385780, util=84.29%, aggrios=0/5530250, aggrmerge=0/984, aggrticks=0/410492, aggrin_queue=404964, aggrutil=85.34%
  sda: ios=0/5530250, merge=0/984, ticks=0/410492, in_queue=404964, util=85.34%
Running fio with rate 32M...
test: (g=0): rw=randwrite, bs=(R) 4096B-4096B, (W) 4096B-4096B, (T) 4096B-4096B, ioengine=libaio, iodepth=32
...
fio-3.28
Starting 4 processes

test: (groupid=0, jobs=4): err= 0: pid=6024: Sun Jan 28 02:37:11 2024
  write: IOPS=32.8k, BW=128MiB/s (134MB/s)(22.5GiB/180001msec); 0 zone resets
    slat (usec): min=4, max=3746, avg=20.57, stdev=14.84
    clat (nsec): min=1402, max=8459.0k, avg=57831.75, stdev=110351.44
     lat (usec): min=35, max=8480, avg=78.63, stdev=116.52
    clat percentiles (usec):
     |  1.00th=[   33],  5.00th=[   37], 10.00th=[   38], 20.00th=[   41],
     | 30.00th=[   43], 40.00th=[   46], 50.00th=[   49], 60.00th=[   51],
     | 70.00th=[   54], 80.00th=[   58], 90.00th=[   69], 95.00th=[   87],
     | 99.00th=[  149], 99.50th=[  330], 99.90th=[ 1893], 99.95th=[ 2606],
     | 99.99th=[ 3785]
   bw (  KiB/s): min=130528, max=131824, per=100.00%, avg=131190.27, stdev=16.19, samples=1436
   iops        : min=32632, max=32956, avg=32797.50, stdev= 4.05, samples=1436
  lat (usec)   : 2=0.01%, 4=0.01%, 10=0.01%, 20=0.01%, 50=56.63%
  lat (usec)   : 100=40.37%, 250=2.41%, 500=0.19%, 750=0.09%, 1000=0.06%
  lat (msec)   : 2=0.16%, 4=0.08%, 10=0.01%
  cpu          : usr=34.30%, sys=23.39%, ctx=7239384, majf=0, minf=331
  IO depths    : 1=96.5%, 2=2.9%, 4=0.2%, 8=0.2%, 16=0.2%, 32=0.1%, >=64=0.0%
     submit    : 0=0.0%, 4=100.0%, 8=0.0%, 16=0.0%, 32=0.0%, 64=0.0%, >=64=0.0%
     complete  : 0=0.0%, 4=100.0%, 8=0.0%, 16=0.0%, 32=0.0%, 64=0.0%, >=64=0.0%
     issued rwts: total=0,5898240,0,0 short=0,0,0,0 dropped=0,0,0,0
     latency   : target=0, window=0, percentile=100.00%, depth=32

Run status group 0 (all jobs):
  WRITE: bw=128MiB/s (134MB/s), 128MiB/s-128MiB/s (134MB/s-134MB/s), io=22.5GiB (24.2GB), run=180001-180001msec

Disk stats (read/write):
    dm-0: ios=0/5896100, merge=0/0, ticks=0/322300, in_queue=325628, util=85.80%, aggrios=0/5898906, aggrmerge=0/932, aggrticks=0/335240, aggrin_queue=331416, aggrutil=85.19%
  sda: ios=0/5898906, merge=0/932, ticks=0/335240, in_queue=331416, util=85.19%
Running fio with rate 34M...
test: (g=0): rw=randwrite, bs=(R) 4096B-4096B, (W) 4096B-4096B, (T) 4096B-4096B, ioengine=libaio, iodepth=32
...
fio-3.28
Starting 4 processes

test: (groupid=0, jobs=4): err= 0: pid=6086: Sun Jan 28 02:40:12 2024
  write: IOPS=34.8k, BW=136MiB/s (143MB/s)(23.9GiB/180001msec); 0 zone resets
    slat (usec): min=4, max=4076, avg=15.91, stdev=13.42
    clat (nsec): min=1503, max=13071k, avg=52316.21, stdev=102778.52
     lat (usec): min=36, max=13100, avg=68.38, stdev=106.52
    clat percentiles (usec):
     |  1.00th=[   29],  5.00th=[   32], 10.00th=[   34], 20.00th=[   35],
     | 30.00th=[   38], 40.00th=[   40], 50.00th=[   43], 60.00th=[   47],
     | 70.00th=[   51], 80.00th=[   56], 90.00th=[   66], 95.00th=[   83],
     | 99.00th=[  149], 99.50th=[  269], 99.90th=[ 1434], 99.95th=[ 2180],
     | 99.99th=[ 3490]
   bw (  KiB/s): min=137400, max=141376, per=100.00%, avg=139393.31, stdev=42.88, samples=1436
   iops        : min=34350, max=35344, avg=34848.23, stdev=10.72, samples=1436
  lat (usec)   : 2=0.01%, 4=0.01%, 10=0.01%, 20=0.01%, 50=67.98%
  lat (usec)   : 100=29.05%, 250=2.43%, 500=0.21%, 750=0.08%, 1000=0.06%
  lat (msec)   : 2=0.11%, 4=0.05%, 10=0.01%, 20=0.01%
  cpu          : usr=40.88%, sys=20.01%, ctx=7517173, majf=0, minf=368
  IO depths    : 1=96.4%, 2=3.1%, 4=0.2%, 8=0.1%, 16=0.1%, 32=0.1%, >=64=0.0%
     submit    : 0=0.0%, 4=100.0%, 8=0.0%, 16=0.0%, 32=0.0%, 64=0.0%, >=64=0.0%
     complete  : 0=0.0%, 4=100.0%, 8=0.0%, 16=0.0%, 32=0.0%, 64=0.0%, >=64=0.0%
     issued rwts: total=0,6266879,0,0 short=0,0,0,0 dropped=0,0,0,0
     latency   : target=0, window=0, percentile=100.00%, depth=32

Run status group 0 (all jobs):
  WRITE: bw=136MiB/s (143MB/s), 136MiB/s-136MiB/s (143MB/s-143MB/s), io=23.9GiB (25.7GB), run=180001-180001msec

Disk stats (read/write):
    dm-0: ios=0/6264612, merge=0/0, ticks=0/311940, in_queue=314380, util=87.66%, aggrios=0/6267601, aggrmerge=0/913, aggrticks=0/318456, aggrin_queue=315584, aggrutil=87.30%
  sda: ios=0/6267601, merge=0/913, ticks=0/318456, in_queue=315584, util=87.30%
Running fio with rate 36M...
test: (g=0): rw=randwrite, bs=(R) 4096B-4096B, (W) 4096B-4096B, (T) 4096B-4096B, ioengine=libaio, iodepth=32
...
fio-3.28
Starting 4 processes

test: (groupid=0, jobs=4): err= 0: pid=6148: Sun Jan 28 02:43:12 2024
  write: IOPS=36.9k, BW=144MiB/s (151MB/s)(25.3GiB/180001msec); 0 zone resets
    slat (usec): min=4, max=7227, avg=17.23, stdev=14.60
    clat (nsec): min=1427, max=17122k, avg=57992.61, stdev=149743.31
     lat (usec): min=36, max=17155, avg=75.34, stdev=153.40
    clat percentiles (usec):
     |  1.00th=[   32],  5.00th=[   35], 10.00th=[   35], 20.00th=[   38],
     | 30.00th=[   40], 40.00th=[   43], 50.00th=[   45], 60.00th=[   48],
     | 70.00th=[   52], 80.00th=[   58], 90.00th=[   73], 95.00th=[   92],
     | 99.00th=[  174], 99.50th=[  445], 99.90th=[ 2008], 99.95th=[ 2802],
     | 99.99th=[ 6456]
   bw (  KiB/s): min=147106, max=148112, per=100.00%, avg=147607.15, stdev=16.14, samples=1436
   iops        : min=36776, max=37028, avg=36901.65, stdev= 4.02, samples=1436
  lat (usec)   : 2=0.01%, 4=0.01%, 10=0.01%, 20=0.01%, 50=66.42%
  lat (usec)   : 100=29.57%, 250=3.27%, 500=0.26%, 750=0.12%, 1000=0.09%
  lat (msec)   : 2=0.15%, 4=0.08%, 10=0.01%, 20=0.01%
  cpu          : usr=37.32%, sys=22.40%, ctx=7553107, majf=0, minf=314
  IO depths    : 1=93.9%, 2=5.3%, 4=0.2%, 8=0.2%, 16=0.2%, 32=0.2%, >=64=0.0%
     submit    : 0=0.0%, 4=100.0%, 8=0.0%, 16=0.0%, 32=0.0%, 64=0.0%, >=64=0.0%
     complete  : 0=0.0%, 4=100.0%, 8=0.0%, 16=0.0%, 32=0.0%, 64=0.0%, >=64=0.0%
     issued rwts: total=0,6635520,0,0 short=0,0,0,0 dropped=0,0,0,0
     latency   : target=0, window=0, percentile=100.00%, depth=32

Run status group 0 (all jobs):
  WRITE: bw=144MiB/s (151MB/s), 144MiB/s-144MiB/s (151MB/s-151MB/s), io=25.3GiB (27.2GB), run=180001-180001msec

Disk stats (read/write):
    dm-0: ios=0/6633034, merge=0/0, ticks=0/364104, in_queue=367504, util=92.66%, aggrios=0/6636261, aggrmerge=0/1005, aggrticks=0/373240, aggrin_queue=369916, aggrutil=92.51%
  sda: ios=0/6636261, merge=0/1005, ticks=0/373240, in_queue=369916, util=92.51%
Running fio with rate 38M...
test: (g=0): rw=randwrite, bs=(R) 4096B-4096B, (W) 4096B-4096B, (T) 4096B-4096B, ioengine=libaio, iodepth=32
...
fio-3.28
Starting 4 processes

test: (groupid=0, jobs=4): err= 0: pid=6210: Sun Jan 28 02:46:12 2024
  write: IOPS=38.9k, BW=152MiB/s (159MB/s)(26.7GiB/180001msec); 0 zone resets
    slat (usec): min=4, max=3483, avg=20.99, stdev=15.86
    clat (nsec): min=1375, max=17715k, avg=66623.24, stdev=175683.27
     lat (usec): min=35, max=17738, avg=87.78, stdev=180.27
    clat percentiles (usec):
     |  1.00th=[   32],  5.00th=[   34], 10.00th=[   36], 20.00th=[   40],
     | 30.00th=[   43], 40.00th=[   47], 50.00th=[   51], 60.00th=[   55],
     | 70.00th=[   59], 80.00th=[   68], 90.00th=[   84], 95.00th=[  110],
     | 99.00th=[  217], 99.50th=[  701], 99.90th=[ 2606], 99.95th=[ 3228],
     | 99.99th=[ 8029]
   bw (  KiB/s): min=154808, max=156804, per=100.00%, avg=155803.11, stdev=28.88, samples=1436
   iops        : min=38702, max=39200, avg=38950.65, stdev= 7.21, samples=1436
  lat (usec)   : 2=0.01%, 4=0.01%, 10=0.01%, 20=0.01%, 50=48.16%
  lat (usec)   : 100=45.58%, 250=5.37%, 500=0.28%, 750=0.13%, 1000=0.10%
  lat (msec)   : 2=0.21%, 4=0.14%, 10=0.02%, 20=0.01%
  cpu          : usr=30.29%, sys=28.52%, ctx=7738638, majf=0, minf=285
  IO depths    : 1=87.3%, 2=11.7%, 4=0.4%, 8=0.2%, 16=0.2%, 32=0.3%, >=64=0.0%
     submit    : 0=0.0%, 4=100.0%, 8=0.0%, 16=0.0%, 32=0.0%, 64=0.0%, >=64=0.0%
     complete  : 0=0.0%, 4=100.0%, 8=0.0%, 16=0.0%, 32=0.0%, 64=0.0%, >=64=0.0%
     issued rwts: total=0,7004160,0,0 short=0,0,0,0 dropped=0,0,0,0
     latency   : target=0, window=0, percentile=100.00%, depth=32

Run status group 0 (all jobs):
  WRITE: bw=152MiB/s (159MB/s), 152MiB/s-152MiB/s (159MB/s-159MB/s), io=26.7GiB (28.7GB), run=180001-180001msec

Disk stats (read/write):
    dm-0: ios=0/7001327, merge=0/0, ticks=0/427720, in_queue=431508, util=93.74%, aggrios=0/7004830, aggrmerge=0/919, aggrticks=0/439508, aggrin_queue=435472, aggrutil=94.02%
  sda: ios=0/7004830, merge=0/919, ticks=0/439508, in_queue=435472, util=94.02%
Running fio with rate 40M...
test: (g=0): rw=randwrite, bs=(R) 4096B-4096B, (W) 4096B-4096B, (T) 4096B-4096B, ioengine=libaio, iodepth=32
...
fio-3.28
Starting 4 processes

test: (groupid=0, jobs=4): err= 0: pid=6272: Sun Jan 28 02:49:13 2024
  write: IOPS=41.0k, BW=160MiB/s (168MB/s)(28.1GiB/180001msec); 0 zone resets
    slat (usec): min=4, max=6231, avg=22.29, stdev=17.86
    clat (nsec): min=1365, max=16548k, avg=75682.57, stdev=174934.30
     lat (usec): min=35, max=16562, avg=98.16, stdev=179.79
    clat percentiles (usec):
     |  1.00th=[   33],  5.00th=[   37], 10.00th=[   39], 20.00th=[   43],
     | 30.00th=[   47], 40.00th=[   51], 50.00th=[   55], 60.00th=[   60],
     | 70.00th=[   68], 80.00th=[   81], 90.00th=[  110], 95.00th=[  137],
     | 99.00th=[  269], 99.50th=[  873], 99.90th=[ 2573], 99.95th=[ 3195],
     | 99.99th=[ 6652]
   bw (  KiB/s): min=163464, max=164488, per=100.00%, avg=163991.60, stdev=12.63, samples=1436
   iops        : min=40866, max=41122, avg=40997.80, stdev= 3.17, samples=1436
  lat (usec)   : 2=0.01%, 4=0.01%, 10=0.01%, 20=0.01%, 50=38.89%
  lat (usec)   : 100=48.76%, 250=11.24%, 500=0.38%, 750=0.14%, 1000=0.11%
  lat (msec)   : 2=0.28%, 4=0.14%, 10=0.02%, 20=0.01%
  cpu          : usr=25.59%, sys=30.94%, ctx=7546131, majf=0, minf=362
  IO depths    : 1=78.3%, 2=20.2%, 4=0.7%, 8=0.2%, 16=0.2%, 32=0.4%, >=64=0.0%
     submit    : 0=0.0%, 4=100.0%, 8=0.0%, 16=0.0%, 32=0.0%, 64=0.0%, >=64=0.0%
     complete  : 0=0.0%, 4=100.0%, 8=0.0%, 16=0.0%, 32=0.0%, 64=0.0%, >=64=0.0%
     issued rwts: total=0,7372800,0,0 short=0,0,0,0 dropped=0,0,0,0
     latency   : target=0, window=0, percentile=100.00%, depth=32

Run status group 0 (all jobs):
  WRITE: bw=160MiB/s (168MB/s), 160MiB/s-160MiB/s (168MB/s-168MB/s), io=28.1GiB (30.2GB), run=180001-180001msec

Disk stats (read/write):
    dm-0: ios=0/7369811, merge=0/0, ticks=0/505824, in_queue=509740, util=95.84%, aggrios=0/7373397, aggrmerge=0/1034, aggrticks=0/513092, aggrin_queue=508604, aggrutil=95.58%
  sda: ios=0/7373397, merge=0/1034, ticks=0/513092, in_queue=508604, util=95.58%
